[2020-07-31 13:39:06] (ERROR in xPDO::getService @ D:\os\OpenServer\domains\test.local\core\xpdo\xpdo.class.php : 1234) modRestClient::__construct is deprecated since version 2.3.0. Use the modRest classes instead.
[2020-07-31 13:39:06] (ERROR in modRestCurlClient::__construct @ D:\os\OpenServer\domains\test.local\core\model\modx\rest\modrestcurlclient.class.php : 26) modRestClient::__construct is deprecated since version 2.3.0. Use the modRest classes instead.
[2020-07-31 13:39:06] (ERROR in xPDO::getService @ D:\os\OpenServer\domains\test.local\core\xpdo\xpdo.class.php : 1234) modRestClient::__construct is deprecated since version 2.3.0. Use the modRest classes instead.
[2020-07-31 13:39:06] (ERROR in modRestCurlClient::__construct @ D:\os\OpenServer\domains\test.local\core\model\modx\rest\modrestcurlclient.class.php : 26) modRestClient::__construct is deprecated since version 2.3.0. Use the modRest classes instead.
[2020-07-31 13:39:48] (ERROR in xPDO::getService @ D:\os\OpenServer\domains\test.local\core\xpdo\xpdo.class.php : 1234) modRestClient::__construct is deprecated since version 2.3.0. Use the modRest classes instead.
[2020-07-31 13:39:48] (ERROR in modRestCurlClient::__construct @ D:\os\OpenServer\domains\test.local\core\model\modx\rest\modrestcurlclient.class.php : 26) modRestClient::__construct is deprecated since version 2.3.0. Use the modRest classes instead.
[2020-07-31 13:39:48] (ERROR in xPDO::getService @ D:\os\OpenServer\domains\test.local\core\xpdo\xpdo.class.php : 1234) modRestClient::__construct is deprecated since version 2.3.0. Use the modRest classes instead.
[2020-07-31 13:39:48] (ERROR in modRestCurlClient::__construct @ D:\os\OpenServer\domains\test.local\core\model\modx\rest\modrestcurlclient.class.php : 26) modRestClient::__construct is deprecated since version 2.3.0. Use the modRest classes instead.
[2020-07-31 13:39:53] (ERROR in xPDO::getService @ D:\os\OpenServer\domains\test.local\core\xpdo\xpdo.class.php : 1234) modRestClient::__construct is deprecated since version 2.3.0. Use the modRest classes instead.
[2020-07-31 13:39:53] (ERROR in modRestCurlClient::__construct @ D:\os\OpenServer\domains\test.local\core\model\modx\rest\modrestcurlclient.class.php : 26) modRestClient::__construct is deprecated since version 2.3.0. Use the modRest classes instead.
[2020-07-31 13:39:58] (ERROR in xPDO::getService @ D:\os\OpenServer\domains\test.local\core\xpdo\xpdo.class.php : 1234) modRestClient::__construct is deprecated since version 2.3.0. Use the modRest classes instead.
[2020-07-31 13:39:58] (ERROR in modRestCurlClient::__construct @ D:\os\OpenServer\domains\test.local\core\model\modx\rest\modrestcurlclient.class.php : 26) modRestClient::__construct is deprecated since version 2.3.0. Use the modRest classes instead.
[2020-07-31 13:40:06] (ERROR in xPDO::getService @ D:\os\OpenServer\domains\test.local\core\xpdo\xpdo.class.php : 1234) modRestClient::__construct is deprecated since version 2.3.0. Use the modRest classes instead.
[2020-07-31 13:40:06] (ERROR in modRestCurlClient::__construct @ D:\os\OpenServer\domains\test.local\core\model\modx\rest\modrestcurlclient.class.php : 26) modRestClient::__construct is deprecated since version 2.3.0. Use the modRest classes instead.
[2020-07-31 13:40:06] (ERROR in xPDO::getService @ D:\os\OpenServer\domains\test.local\core\xpdo\xpdo.class.php : 1234) modRestClient::__construct is deprecated since version 2.3.0. Use the modRest classes instead.
[2020-07-31 13:40:06] (ERROR in modRestCurlClient::__construct @ D:\os\OpenServer\domains\test.local\core\model\modx\rest\modrestcurlclient.class.php : 26) modRestClient::__construct is deprecated since version 2.3.0. Use the modRest classes instead.
[2020-07-31 13:40:10] (ERROR in xPDO::getService @ D:\os\OpenServer\domains\test.local\core\xpdo\xpdo.class.php : 1234) modRestClient::__construct is deprecated since version 2.3.0. Use the modRest classes instead.
[2020-07-31 13:40:10] (ERROR in modRestCurlClient::__construct @ D:\os\OpenServer\domains\test.local\core\model\modx\rest\modrestcurlclient.class.php : 26) modRestClient::__construct is deprecated since version 2.3.0. Use the modRest classes instead.
[2020-07-31 13:40:16] (ERROR in xPDO::getService @ D:\os\OpenServer\domains\test.local\core\xpdo\xpdo.class.php : 1234) modRestClient::__construct is deprecated since version 2.3.0. Use the modRest classes instead.
[2020-07-31 13:40:16] (ERROR in modRestCurlClient::__construct @ D:\os\OpenServer\domains\test.local\core\model\modx\rest\modrestcurlclient.class.php : 26) modRestClient::__construct is deprecated since version 2.3.0. Use the modRest classes instead.
[2020-07-31 13:40:22] (ERROR in xPDO::getService @ D:\os\OpenServer\domains\test.local\core\xpdo\xpdo.class.php : 1234) modRestClient::__construct is deprecated since version 2.3.0. Use the modRest classes instead.
[2020-07-31 13:40:22] (ERROR in modRestCurlClient::__construct @ D:\os\OpenServer\domains\test.local\core\model\modx\rest\modrestcurlclient.class.php : 26) modRestClient::__construct is deprecated since version 2.3.0. Use the modRest classes instead.
[2020-07-31 13:40:27] (ERROR in xPDO::getService @ D:\os\OpenServer\domains\test.local\core\xpdo\xpdo.class.php : 1234) modRestClient::__construct is deprecated since version 2.3.0. Use the modRest classes instead.
[2020-07-31 13:40:27] (ERROR in modRestCurlClient::__construct @ D:\os\OpenServer\domains\test.local\core\model\modx\rest\modrestcurlclient.class.php : 26) modRestClient::__construct is deprecated since version 2.3.0. Use the modRest classes instead.
[2020-07-31 13:40:32] (ERROR in xPDO::getService @ D:\os\OpenServer\domains\test.local\core\xpdo\xpdo.class.php : 1234) modRestClient::__construct is deprecated since version 2.3.0. Use the modRest classes instead.
[2020-07-31 13:40:32] (ERROR in modRestCurlClient::__construct @ D:\os\OpenServer\domains\test.local\core\model\modx\rest\modrestcurlclient.class.php : 26) modRestClient::__construct is deprecated since version 2.3.0. Use the modRest classes instead.
[2020-07-31 13:40:38] (ERROR in xPDO::getService @ D:\os\OpenServer\domains\test.local\core\xpdo\xpdo.class.php : 1234) modRestClient::__construct is deprecated since version 2.3.0. Use the modRest classes instead.
[2020-07-31 13:40:38] (ERROR in modRestCurlClient::__construct @ D:\os\OpenServer\domains\test.local\core\model\modx\rest\modrestcurlclient.class.php : 26) modRestClient::__construct is deprecated since version 2.3.0. Use the modRest classes instead.
[2020-07-31 13:40:51] (ERROR in xPDO::getService @ D:\os\OpenServer\domains\test.local\core\xpdo\xpdo.class.php : 1234) modRestClient::__construct is deprecated since version 2.3.0. Use the modRest classes instead.
[2020-07-31 13:40:51] (ERROR in modRestCurlClient::__construct @ D:\os\OpenServer\domains\test.local\core\model\modx\rest\modrestcurlclient.class.php : 26) modRestClient::__construct is deprecated since version 2.3.0. Use the modRest classes instead.
[2020-07-31 13:40:56] (ERROR in xPDO::getService @ D:\os\OpenServer\domains\test.local\core\xpdo\xpdo.class.php : 1234) modRestClient::__construct is deprecated since version 2.3.0. Use the modRest classes instead.
[2020-07-31 13:40:56] (ERROR in modRestCurlClient::__construct @ D:\os\OpenServer\domains\test.local\core\model\modx\rest\modrestcurlclient.class.php : 26) modRestClient::__construct is deprecated since version 2.3.0. Use the modRest classes instead.
[2020-07-31 13:41:02] (ERROR in xPDO::getService @ D:\os\OpenServer\domains\test.local\core\xpdo\xpdo.class.php : 1234) modRestClient::__construct is deprecated since version 2.3.0. Use the modRest classes instead.
[2020-07-31 13:41:02] (ERROR in modRestCurlClient::__construct @ D:\os\OpenServer\domains\test.local\core\model\modx\rest\modrestcurlclient.class.php : 26) modRestClient::__construct is deprecated since version 2.3.0. Use the modRest classes instead.
[2020-07-31 13:41:05] (ERROR in xPDO::getService @ D:\os\OpenServer\domains\test.local\core\xpdo\xpdo.class.php : 1234) modRestClient::__construct is deprecated since version 2.3.0. Use the modRest classes instead.
[2020-07-31 13:41:05] (ERROR in modRestCurlClient::__construct @ D:\os\OpenServer\domains\test.local\core\model\modx\rest\modrestcurlclient.class.php : 26) modRestClient::__construct is deprecated since version 2.3.0. Use the modRest classes instead.
[2020-07-31 13:41:10] (ERROR in xPDO::getService @ D:\os\OpenServer\domains\test.local\core\xpdo\xpdo.class.php : 1234) modRestClient::__construct is deprecated since version 2.3.0. Use the modRest classes instead.
[2020-07-31 13:41:10] (ERROR in modRestCurlClient::__construct @ D:\os\OpenServer\domains\test.local\core\model\modx\rest\modrestcurlclient.class.php : 26) modRestClient::__construct is deprecated since version 2.3.0. Use the modRest classes instead.
[2020-07-31 13:41:17] (ERROR in xPDO::getService @ D:\os\OpenServer\domains\test.local\core\xpdo\xpdo.class.php : 1234) modRestClient::__construct is deprecated since version 2.3.0. Use the modRest classes instead.
[2020-07-31 13:41:17] (ERROR in modRestCurlClient::__construct @ D:\os\OpenServer\domains\test.local\core\model\modx\rest\modrestcurlclient.class.php : 26) modRestClient::__construct is deprecated since version 2.3.0. Use the modRest classes instead.
[2020-07-31 13:41:22] (ERROR in xPDO::getService @ D:\os\OpenServer\domains\test.local\core\xpdo\xpdo.class.php : 1234) modRestClient::__construct is deprecated since version 2.3.0. Use the modRest classes instead.
[2020-07-31 13:41:22] (ERROR in modRestCurlClient::__construct @ D:\os\OpenServer\domains\test.local\core\model\modx\rest\modrestcurlclient.class.php : 26) modRestClient::__construct is deprecated since version 2.3.0. Use the modRest classes instead.
[2020-07-31 13:41:27] (ERROR in xPDO::getService @ D:\os\OpenServer\domains\test.local\core\xpdo\xpdo.class.php : 1234) modRestClient::__construct is deprecated since version 2.3.0. Use the modRest classes instead.
[2020-07-31 13:41:27] (ERROR in modRestCurlClient::__construct @ D:\os\OpenServer\domains\test.local\core\model\modx\rest\modrestcurlclient.class.php : 26) modRestClient::__construct is deprecated since version 2.3.0. Use the modRest classes instead.
[2020-07-31 13:41:33] (ERROR in xPDO::getService @ D:\os\OpenServer\domains\test.local\core\xpdo\xpdo.class.php : 1234) modRestClient::__construct is deprecated since version 2.3.0. Use the modRest classes instead.
[2020-07-31 13:41:33] (ERROR in modRestCurlClient::__construct @ D:\os\OpenServer\domains\test.local\core\model\modx\rest\modrestcurlclient.class.php : 26) modRestClient::__construct is deprecated since version 2.3.0. Use the modRest classes instead.
[2020-07-31 13:41:39] (ERROR in xPDO::getService @ D:\os\OpenServer\domains\test.local\core\xpdo\xpdo.class.php : 1234) modRestClient::__construct is deprecated since version 2.3.0. Use the modRest classes instead.
[2020-07-31 13:41:39] (ERROR in modRestCurlClient::__construct @ D:\os\OpenServer\domains\test.local\core\model\modx\rest\modrestcurlclient.class.php : 26) modRestClient::__construct is deprecated since version 2.3.0. Use the modRest classes instead.
[2020-07-31 13:41:43] (ERROR in xPDO::getService @ D:\os\OpenServer\domains\test.local\core\xpdo\xpdo.class.php : 1234) modRestClient::__construct is deprecated since version 2.3.0. Use the modRest classes instead.
[2020-07-31 13:41:43] (ERROR in modRestCurlClient::__construct @ D:\os\OpenServer\domains\test.local\core\model\modx\rest\modrestcurlclient.class.php : 26) modRestClient::__construct is deprecated since version 2.3.0. Use the modRest classes instead.
[2020-07-31 13:41:49] (ERROR in xPDO::getService @ D:\os\OpenServer\domains\test.local\core\xpdo\xpdo.class.php : 1234) modRestClient::__construct is deprecated since version 2.3.0. Use the modRest classes instead.
[2020-07-31 13:41:49] (ERROR in modRestCurlClient::__construct @ D:\os\OpenServer\domains\test.local\core\model\modx\rest\modrestcurlclient.class.php : 26) modRestClient::__construct is deprecated since version 2.3.0. Use the modRest classes instead.
[2020-07-31 13:52:35] (ERROR in xPDO::getService @ D:\os\OpenServer\domains\test.local\core\xpdo\xpdo.class.php : 1234) modRestClient::__construct is deprecated since version 2.3.0. Use the modRest classes instead.
[2020-07-31 13:52:35] (ERROR in modRestCurlClient::__construct @ D:\os\OpenServer\domains\test.local\core\model\modx\rest\modrestcurlclient.class.php : 26) modRestClient::__construct is deprecated since version 2.3.0. Use the modRest classes instead.
[2020-07-31 13:52:35] (ERROR in xPDO::getService @ D:\os\OpenServer\domains\test.local\core\xpdo\xpdo.class.php : 1234) modRestClient::__construct is deprecated since version 2.3.0. Use the modRest classes instead.
[2020-07-31 13:52:35] (ERROR in xPDO::getService @ D:\os\OpenServer\domains\test.local\core\xpdo\xpdo.class.php : 1234) modRestClient::__construct is deprecated since version 2.3.0. Use the modRest classes instead.
[2020-07-31 13:52:35] (ERROR in modRestCurlClient::__construct @ D:\os\OpenServer\domains\test.local\core\model\modx\rest\modrestcurlclient.class.php : 26) modRestClient::__construct is deprecated since version 2.3.0. Use the modRest classes instead.
[2020-07-31 13:52:35] (ERROR in modRestCurlClient::__construct @ D:\os\OpenServer\domains\test.local\core\model\modx\rest\modrestcurlclient.class.php : 26) modRestClient::__construct is deprecated since version 2.3.0. Use the modRest classes instead.
[2020-07-31 13:53:20] (ERROR in xPDO::getService @ D:\os\OpenServer\domains\test.local\core\xpdo\xpdo.class.php : 1234) modRestClient::__construct is deprecated since version 2.3.0. Use the modRest classes instead.
[2020-07-31 13:53:20] (ERROR in modRestCurlClient::__construct @ D:\os\OpenServer\domains\test.local\core\model\modx\rest\modrestcurlclient.class.php : 26) modRestClient::__construct is deprecated since version 2.3.0. Use the modRest classes instead.
[2020-07-31 13:53:36] (ERROR in xPDO::getService @ D:\os\OpenServer\domains\test.local\core\xpdo\xpdo.class.php : 1234) modRestClient::__construct is deprecated since version 2.3.0. Use the modRest classes instead.
[2020-07-31 13:53:36] (ERROR in modRestCurlClient::__construct @ D:\os\OpenServer\domains\test.local\core\model\modx\rest\modrestcurlclient.class.php : 26) modRestClient::__construct is deprecated since version 2.3.0. Use the modRest classes instead.
[2020-07-31 13:53:53] (ERROR @ D:\os\OpenServer\domains\test.local\core\model\modx\modcachemanager.class.php : 514) Error caching script elements/modplugin/3
[2020-07-31 13:54:10] (ERROR in xPDO::getService @ D:\os\OpenServer\domains\test.local\core\xpdo\xpdo.class.php : 1234) modRestClient::__construct is deprecated since version 2.3.0. Use the modRest classes instead.
[2020-07-31 13:54:10] (ERROR in modRestCurlClient::__construct @ D:\os\OpenServer\domains\test.local\core\model\modx\rest\modrestcurlclient.class.php : 26) modRestClient::__construct is deprecated since version 2.3.0. Use the modRest classes instead.
[2020-07-31 13:54:26] (ERROR in xPDO::getService @ D:\os\OpenServer\domains\test.local\core\xpdo\xpdo.class.php : 1234) modRestClient::__construct is deprecated since version 2.3.0. Use the modRest classes instead.
[2020-07-31 13:54:26] (ERROR in modRestCurlClient::__construct @ D:\os\OpenServer\domains\test.local\core\model\modx\rest\modrestcurlclient.class.php : 26) modRestClient::__construct is deprecated since version 2.3.0. Use the modRest classes instead.
[2020-07-31 13:54:41] (ERROR in xPDO::getService @ D:\os\OpenServer\domains\test.local\core\xpdo\xpdo.class.php : 1234) modRestClient::__construct is deprecated since version 2.3.0. Use the modRest classes instead.
[2020-07-31 13:54:41] (ERROR in modRestCurlClient::__construct @ D:\os\OpenServer\domains\test.local\core\model\modx\rest\modrestcurlclient.class.php : 26) modRestClient::__construct is deprecated since version 2.3.0. Use the modRest classes instead.
[2020-07-31 13:55:59] (ERROR in xPDO::getService @ D:\os\OpenServer\domains\test.local\core\xpdo\xpdo.class.php : 1234) modRestClient::__construct is deprecated since version 2.3.0. Use the modRest classes instead.
[2020-07-31 13:55:59] (ERROR in modRestCurlClient::__construct @ D:\os\OpenServer\domains\test.local\core\model\modx\rest\modrestcurlclient.class.php : 26) modRestClient::__construct is deprecated since version 2.3.0. Use the modRest classes instead.
[2020-07-31 13:56:20] (ERROR in xPDO::getService @ D:\os\OpenServer\domains\test.local\core\xpdo\xpdo.class.php : 1234) modRestClient::__construct is deprecated since version 2.3.0. Use the modRest classes instead.
[2020-07-31 13:56:20] (ERROR in modRestCurlClient::__construct @ D:\os\OpenServer\domains\test.local\core\model\modx\rest\modrestcurlclient.class.php : 26) modRestClient::__construct is deprecated since version 2.3.0. Use the modRest classes instead.
[2020-07-31 14:19:32] (ERROR @ D:\os\OpenServer\domains\test.local\core\model\modx\modcachemanager.class.php : 349) Error caching lexicon topic lexicon/ru/core/element
[2020-08-05 10:54:28] (ERROR @ D:\os\OpenServer\domains\test.local\core\model\modx\modcachemanager.class.php : 349) Error caching lexicon topic lexicon/en/core/default
[2020-08-05 10:54:28] (ERROR @ D:\os\OpenServer\domains\test.local\core\model\modx\modcachemanager.class.php : 349) Error caching lexicon topic lexicon/ru/core/default
[2020-08-05 10:54:28] (ERROR @ D:\os\OpenServer\domains\test.local\core\model\modx\modcachemanager.class.php : 349) Error caching lexicon topic lexicon/ru/core/element
[2020-08-05 10:55:42] (ERROR @ D:\os\OpenServer\domains\test.local\core\model\modx\modcachemanager.class.php : 349) Error caching lexicon topic lexicon/en/core/default
[2020-08-05 10:55:42] (ERROR @ D:\os\OpenServer\domains\test.local\core\model\modx\modcachemanager.class.php : 349) Error caching lexicon topic lexicon/ru/core/default
[2020-08-05 12:25:19] (ERROR @ D:\os\OpenServer\domains\test.local\core\model\modx\modcachemanager.class.php : 349) Error caching lexicon topic lexicon/en/core/default
[2020-08-05 12:28:59] (ERROR @ D:\os\OpenServer\domains\test.local\core\model\modx\modcachemanager.class.php : 349) Error caching lexicon topic lexicon/ru/core/default
